#
# A fatal error has been detected by the Java Runtime Environment:
#
#  Internal Error (generateOopMap.cpp:2159), pid=43519, tid=19459
#  fatal error: Illegal class file encountered. Try running with -Xverify:all in method scrapePlayerInfo
#
# JRE version: OpenJDK Runtime Environment Temurin-17.0.4.1+1 (17.0.4.1+1) (build 17.0.4.1+1)
# Java VM: OpenJDK 64-Bit Server VM Temurin-17.0.4.1+1 (17.0.4.1+1, mixed mode, tiered, compressed oops, compressed class ptrs, g1 gc, bsd-aarch64)
# No core dump will be written. Core dumps have been disabled. To enable core dumping, try "ulimit -c unlimited" before starting Java again
#
# If you would like to submit a bug report, please visit:
#   https://github.com/adoptium/adoptium-support/issues
#

---------------  S U M M A R Y ------------

Command Line: -XX:+ShowCodeDetailsInExceptionMessages -agentlib:jdwp=transport=dt_socket,suspend=y,address=localhost:55711 -javaagent:/Applications/Eclipse_2024-03.app/Contents/Eclipse/configuration/org.eclipse.osgi/244/0/.cp/lib/javaagent-shaded.jar -Dfile.encoding=UTF-8 -Dstdout.encoding=UTF-8 -Dstderr.encoding=UTF-8 com.example.scraper.NPBWebScraperApplication

Host: "MacBookPro18,3" arm64, 8 cores, 16G, Darwin 23.5.0, macOS 14.5 (23F79)
Time: Sun Aug 11 16:44:35 2024 JST elapsed time: 210.227287 seconds (0d 0h 3m 30s)

---------------  T H R E A D  ---------------

Current thread (0x0000000123f056c0):  VMThread "VM Thread" [stack: 0x000000017078c000,0x000000017098f000] [id=19459]

Stack: [0x000000017078c000,0x000000017098f000],  sp=0x000000017098d650,  free space=2053k
Native frames: (J=compiled Java code, j=interpreted, Vv=VM code, C=native code)
V  [libjvm.dylib+0xa15dac]  VMError::report_and_die(int, char const*, char const*, char*, Thread*, unsigned char*, void*, void*, char const*, int, unsigned long)+0x490
V  [libjvm.dylib+0x2c1d40]  report_fatal(VMErrorType, char const*, int, char const*, ...)+0x78
V  [libjvm.dylib+0x3f35b8]  GenerateOopMap::error_work(char const*, char*)+0xec
V  [libjvm.dylib+0x3ec18c]  GenerateOopMap::report_error(char const*, ...)+0x1c
V  [libjvm.dylib+0x3ed63c]  GenerateOopMap::interp_bb(BasicBlock*)+0x128
V  [libjvm.dylib+0x3ecdd0]  GenerateOopMap::do_interpretation()+0x8c
V  [libjvm.dylib+0x3f332c]  GenerateOopMap::compute_map(Thread*)+0x198
V  [libjvm.dylib+0x7b97f8]  OopMapForCacheEntry::compute_map(Thread*)+0x50
V  [libjvm.dylib+0x7ba554]  OopMapCacheEntry::fill(methodHandle const&, int)+0xb0
V  [libjvm.dylib+0x7bb4e8]  OopMapCache::compute_one_oop_map(methodHandle const&, int, InterpreterOopMap*)+0x60
V  [libjvm.dylib+0x76a2a4]  Method::mask_for(int, InterpreterOopMap*)+0xac
V  [libjvm.dylib+0xa08ac0]  interpretedVFrame::stack_data(bool) const+0x64
V  [libjvm.dylib+0x644bf4]  VM_GetOrSetLocal::doit()+0x1b8
V  [libjvm.dylib+0xa1bf68]  VM_Operation::evaluate()+0xe4
V  [libjvm.dylib+0xa2043c]  VMThread::evaluate_operation(VM_Operation*)+0x110
V  [libjvm.dylib+0xa20cb8]  VMThread::inner_execute(VM_Operation*)+0x1c8
V  [libjvm.dylib+0xa200f4]  VMThread::run()+0xd4
V  [libjvm.dylib+0x9a52fc]  Thread::call_run()+0x128
V  [libjvm.dylib+0x7c57bc]  thread_native_entry(Thread*)+0x158
C  [libsystem_pthread.dylib+0x6f94]  _pthread_start+0x88

VM_Operation (0x0000000171f1e9b8): get/set locals, mode: safepoint, requested by thread 0x0000000114108200


---------------  P R O C E S S  ---------------

Threads class SMR info:
_java_thread_list=0x00006000009bc3c0, length=37, elements={
0x0000000114008a00, 0x0000000126018e00, 0x0000000126010e00, 0x000000011410d200,
0x000000011410a400, 0x000000011410aa00, 0x000000011410b000, 0x000000011410b600,
0x000000011410bc00, 0x0000000126011a00, 0x0000000114108200, 0x000000012401ea00,
0x0000000114108800, 0x0000000116809e00, 0x000000011410f400, 0x0000000114114600,
0x000000012308d800, 0x000000011450e800, 0x0000000123493e00, 0x000000012401c200,
0x0000000124013200, 0x00000001240bd000, 0x00000001240bd600, 0x000000013f69de00,
0x0000000126a5fc00, 0x000000012680be00, 0x0000000126b4e600, 0x0000000124169a00,
0x00000001240bdc00, 0x00000001240be200, 0x00000001240be800, 0x000000013f95ea00,
0x0000000126b4ec00, 0x000000012680c400, 0x000000012680ca00, 0x000000012680d000,
0x00000001240bee00
}

Java Threads: ( => current thread )
  0x0000000114008a00 JavaThread "main" [_thread_blocked, id=9987, stack(0x000000016fb44000,0x000000016fd47000)]
  0x0000000126018e00 JavaThread "Reference Handler" daemon [_thread_blocked, id=18179, stack(0x0000000170998000,0x0000000170b9b000)]
  0x0000000126010e00 JavaThread "Finalizer" daemon [_thread_blocked, id=18691, stack(0x0000000170ba4000,0x0000000170da7000)]
  0x000000011410d200 JavaThread "Signal Dispatcher" daemon [_thread_blocked, id=31235, stack(0x0000000170ec8000,0x00000001710cb000)]
  0x000000011410a400 JavaThread "Service Thread" daemon [_thread_blocked, id=30723, stack(0x00000001710d4000,0x00000001712d7000)]
  0x000000011410aa00 JavaThread "Monitor Deflation Thread" daemon [_thread_blocked, id=30211, stack(0x00000001712e0000,0x00000001714e3000)]
  0x000000011410b000 JavaThread "C2 CompilerThread0" daemon [_thread_blocked, id=29955, stack(0x00000001714ec000,0x00000001716ef000)]
  0x000000011410b600 JavaThread "C1 CompilerThread0" daemon [_thread_blocked, id=29443, stack(0x00000001716f8000,0x00000001718fb000)]
  0x000000011410bc00 JavaThread "Sweeper thread" daemon [_thread_blocked, id=28931, stack(0x0000000171904000,0x0000000171b07000)]
  0x0000000126011a00 JavaThread "Common-Cleaner" daemon [_thread_blocked, id=28675, stack(0x0000000171b10000,0x0000000171d13000)]
  0x0000000114108200 JavaThread "JDWP Transport Listener: dt_socket" daemon [_thread_blocked, id=23811, stack(0x0000000171d1c000,0x0000000171f1f000)]
  0x000000012401ea00 JavaThread "JDWP Event Helper Thread" daemon [_thread_blocked, id=24067, stack(0x0000000171f28000,0x000000017212b000)]
  0x0000000114108800 JavaThread "JDWP Command Reader" daemon [_thread_blocked, id=24323, stack(0x0000000172134000,0x0000000172337000)]
  0x0000000116809e00 JavaThread "Notification Thread" daemon [_thread_blocked, id=24579, stack(0x0000000172340000,0x0000000172543000)]
  0x000000011410f400 JavaThread "Thread-0" [_thread_blocked, id=33283, stack(0x00000001733a0000,0x00000001735a3000)]
  0x0000000114114600 JavaThread "restartedMain" [_thread_blocked, id=42499, stack(0x00000001735ac000,0x00000001737af000)]
  0x000000012308d800 JavaThread "mysql-cj-abandoned-connection-cleanup" daemon [_thread_blocked, id=40963, stack(0x00000001741f4000,0x00000001743f7000)]
  0x000000011450e800 JavaThread "Live Reload Server" daemon [_thread_in_native, id=36871, stack(0x0000000175254000,0x0000000175457000)]
  0x0000000123493e00 JavaThread "Thread-6" [_thread_blocked, id=63755, stack(0x000000017460c000,0x000000017480f000)]
  0x000000012401c200 JavaThread "restartedMain" [_thread_blocked, id=34579, stack(0x00000001739c4000,0x0000000173bc7000)]
  0x0000000124013200 JavaThread "Catalina-utility-1" [_thread_blocked, id=42003, stack(0x0000000173ddc000,0x0000000173fdf000)]
  0x00000001240bd000 JavaThread "Catalina-utility-2" [_thread_blocked, id=41223, stack(0x0000000173fe8000,0x00000001741eb000)]
  0x00000001240bd600 JavaThread "container-0" [_thread_blocked, id=37643, stack(0x0000000174400000,0x0000000174603000)]
  0x000000013f69de00 JavaThread "HikariPool-2 housekeeper" daemon [_thread_blocked, id=35079, stack(0x0000000175048000,0x000000017524b000)]
  0x0000000126a5fc00 JavaThread "File Watcher" daemon [_thread_blocked, id=43527, stack(0x000000017566c000,0x000000017586f000)]
  0x000000012680be00 JavaThread "http-nio-8080-exec-1" daemon [_thread_blocked, id=65287, stack(0x0000000175878000,0x0000000175a7b000)]
  0x0000000126b4e600 JavaThread "http-nio-8080-exec-2" daemon [_thread_blocked, id=47111, stack(0x0000000175a84000,0x0000000175c87000)]
  0x0000000124169a00 JavaThread "http-nio-8080-exec-3" daemon [_thread_blocked, id=45575, stack(0x0000000175c90000,0x0000000175e93000)]
  0x00000001240bdc00 JavaThread "http-nio-8080-exec-4" daemon [_thread_blocked, id=46087, stack(0x0000000175e9c000,0x000000017609f000)]
  0x00000001240be200 JavaThread "http-nio-8080-exec-5" daemon [_thread_blocked, id=46599, stack(0x00000001760a8000,0x00000001762ab000)]
  0x00000001240be800 JavaThread "http-nio-8080-exec-6" daemon [_thread_blocked, id=46855, stack(0x00000001762b4000,0x00000001764b7000)]
  0x000000013f95ea00 JavaThread "http-nio-8080-exec-7" daemon [_thread_blocked, id=44039, stack(0x00000001764c0000,0x00000001766c3000)]
  0x0000000126b4ec00 JavaThread "http-nio-8080-exec-8" daemon [_thread_blocked, id=64775, stack(0x00000001766cc000,0x00000001768cf000)]
  0x000000012680c400 JavaThread "http-nio-8080-exec-9" daemon [_thread_blocked, id=64519, stack(0x00000001768d8000,0x0000000176adb000)]
  0x000000012680ca00 JavaThread "http-nio-8080-exec-10" daemon [_thread_blocked, id=36359, stack(0x0000000176ae4000,0x0000000176ce7000)]
  0x000000012680d000 JavaThread "http-nio-8080-Poller" daemon [_thread_in_native, id=35335, stack(0x0000000176cf0000,0x0000000176ef3000)]
  0x00000001240bee00 JavaThread "http-nio-8080-Acceptor" daemon [_thread_in_native, id=32007, stack(0x0000000176efc000,0x00000001770ff000)]

Other Threads:
=>0x0000000123f056c0 VMThread "VM Thread" [stack: 0x000000017078c000,0x000000017098f000] [id=19459]
  0x000000011340b660 WatcherThread [stack: 0x000000017254c000,0x000000017274f000] [id=25091]
  0x0000000113e06a40 GCTaskThread "GC Thread#0" [stack: 0x000000016fd50000,0x000000016ff53000] [id=12035]
  0x0000000113410af0 GCTaskThread "GC Thread#1" [stack: 0x0000000172758000,0x000000017295b000] [id=27139]
  0x0000000113411050 GCTaskThread "GC Thread#2" [stack: 0x0000000172964000,0x0000000172b67000] [id=25347]
  0x00000001134118c0 GCTaskThread "GC Thread#3" [stack: 0x0000000172b70000,0x0000000172d73000] [id=25603]
  0x0000000113412130 GCTaskThread "GC Thread#4" [stack: 0x0000000172d7c000,0x0000000172f7f000] [id=26371]
  0x00000001134129a0 GCTaskThread "GC Thread#5" [stack: 0x0000000172f88000,0x000000017318b000] [id=32771]
  0x0000000113e1a5c0 GCTaskThread "GC Thread#6" [stack: 0x0000000173194000,0x0000000173397000] [id=33027]
  0x0000000125118690 GCTaskThread "GC Thread#7" [stack: 0x00000001737b8000,0x00000001739bb000] [id=33795]
  0x0000000113e070f0 ConcurrentGCThread "G1 Main Marker" [stack: 0x000000016ff5c000,0x000000017015f000] [id=12547]
  0x0000000113e07970 ConcurrentGCThread "G1 Conc#0" [stack: 0x0000000170168000,0x000000017036b000] [id=13059]
  0x0000000113e32140 ConcurrentGCThread "G1 Conc#1" [stack: 0x0000000173bd0000,0x0000000173dd3000] [id=34307]
  0x0000000113e097e0 ConcurrentGCThread "G1 Refine#0" [stack: 0x0000000170374000,0x0000000170577000] [id=21251]
  0x0000000113efc4f0 ConcurrentGCThread "G1 Refine#1" [stack: 0x0000000174818000,0x0000000174a1b000] [id=39939]
  0x00000001134537a0 ConcurrentGCThread "G1 Refine#2" [stack: 0x0000000174a24000,0x0000000174c27000] [id=39171]
  0x0000000123e4b4e0 ConcurrentGCThread "G1 Refine#3" [stack: 0x0000000174c30000,0x0000000174e33000] [id=36099]
  0x0000000113504410 ConcurrentGCThread "G1 Refine#4" [stack: 0x0000000174e3c000,0x000000017503f000] [id=38147]
  0x0000000113e0a080 ConcurrentGCThread "G1 Service" [stack: 0x0000000170580000,0x0000000170783000] [id=20739]

Threads with active compile tasks:

VM state: at safepoint (normal execution)

VM Mutex/Monitor currently owned by a thread:  ([mutex/lock_event])
[0x0000600001c95840] Threads_lock - owner thread: 0x0000000123f056c0

Heap address: 0x0000000700000000, size: 4096 MB, Compressed Oops mode: Zero based, Oop shift amount: 3

CDS archive(s) not mapped
Compressed class space mapped at: 0x0000000800000000-0x0000000840000000, reserved size: 1073741824
Narrow klass base: 0x0000000800000000, Narrow klass shift: 0, Narrow klass range: 0x40000000

GC Precious Log:
 CPUs: 8 total, 8 available
 Memory: 16384M
 Large Page Support: Disabled
 NUMA Support: Disabled
 Compressed Oops: Enabled (Zero based)
 Heap Region Size: 2M
 Heap Min Capacity: 8M
 Heap Initial Capacity: 256M
 Heap Max Capacity: 4G
 Pre-touch: Disabled
 Parallel Workers: 8
 Concurrent Workers: 2
 Concurrent Refinement Workers: 8
 Periodic GC: Disabled

Heap:
 garbage-first heap   total 143360K, used 75718K [0x0000000700000000, 0x0000000800000000)
  region size 2048K, 21 young (43008K), 3 survivors (6144K)
 Metaspace       used 88801K, committed 89408K, reserved 1130496K
  class space    used 11538K, committed 11840K, reserved 1048576K

Heap Regions: E=young(eden), S=young(survivor), O=old, HS=humongous(starts), HC=humongous(continues), CS=collection set, F=free, OA=open archive, CA=closed archive, TAMS=top-at-mark-start (previous, next)
|   0|0x0000000700000000, 0x0000000700200000, 0x0000000700200000|100%| O|  |TAMS 0x0000000700200000, 0x0000000700000000| Untracked 
|   1|0x0000000700200000, 0x00000007003fffe8, 0x0000000700400000| 99%| O|  |TAMS 0x0000000700200000, 0x0000000700200000| Untracked 
|   2|0x0000000700400000, 0x0000000700600000, 0x0000000700600000|100%| O|  |TAMS 0x0000000700600000, 0x0000000700400000| Untracked 
|   3|0x0000000700600000, 0x00000007007ffff0, 0x0000000700800000| 99%| O|  |TAMS 0x0000000700600000, 0x0000000700600000| Untracked 
|   4|0x0000000700800000, 0x00000007009ffff8, 0x0000000700a00000| 99%| O|  |TAMS 0x0000000700800000, 0x0000000700800000| Untracked 
|   5|0x0000000700a00000, 0x0000000700bfffc0, 0x0000000700c00000| 99%| O|  |TAMS 0x0000000700a00000, 0x0000000700a00000| Untracked 
|   6|0x0000000700c00000, 0x0000000700dffff0, 0x0000000700e00000| 99%| O|  |TAMS 0x0000000700c00000, 0x0000000700c00000| Untracked 
|   7|0x0000000700e00000, 0x0000000700fffff0, 0x0000000701000000| 99%| O|  |TAMS 0x0000000700e00000, 0x0000000700e00000| Untracked 
|   8|0x0000000701000000, 0x00000007011ffff8, 0x0000000701200000| 99%| O|  |TAMS 0x0000000701000000, 0x0000000701000000| Untracked 
|   9|0x0000000701200000, 0x00000007012b7bd0, 0x0000000701400000| 35%| O|  |TAMS 0x0000000701200000, 0x0000000701200000| Untracked 
|  10|0x0000000701400000, 0x0000000701600000, 0x0000000701600000|100%| O|  |TAMS 0x0000000701400000, 0x0000000701400000| Untracked 
|  11|0x0000000701600000, 0x0000000701800000, 0x0000000701800000|100%| O|  |TAMS 0x0000000701600000, 0x0000000701600000| Untracked 
|  12|0x0000000701800000, 0x00000007019fffc0, 0x0000000701a00000| 99%| O|  |TAMS 0x0000000701800000, 0x0000000701800000| Untracked 
|  13|0x0000000701a00000, 0x0000000701b59598, 0x0000000701c00000| 67%| O|  |TAMS 0x0000000701a00000, 0x0000000701a00000| Untracked 
|  14|0x0000000701c00000, 0x0000000701e00000, 0x0000000701e00000|100%| O|  |TAMS 0x0000000701c00000, 0x0000000701c00000| Untracked 
|  15|0x0000000701e00000, 0x0000000701e9dda8, 0x0000000702000000| 30%| O|  |TAMS 0x0000000701e00000, 0x0000000701e00000| Untracked 
|  16|0x0000000702000000, 0x00000007021fffe0, 0x0000000702200000| 99%| O|  |TAMS 0x0000000702000000, 0x0000000702000000| Untracked 
|  17|0x0000000702200000, 0x00000007023ffff0, 0x0000000702400000| 99%| O|  |TAMS 0x0000000702200000, 0x0000000702200000| Untracked 
|  18|0x0000000702400000, 0x0000000702403400, 0x0000000702600000|  0%| O|  |TAMS 0x0000000702400000, 0x0000000702400000| Untracked 
|  19|0x0000000702600000, 0x0000000702600000, 0x0000000702800000|  0%| F|  |TAMS 0x0000000702600000, 0x0000000702600000| Untracked 
|  20|0x0000000702800000, 0x0000000702800000, 0x0000000702a00000|  0%| F|  |TAMS 0x0000000702800000, 0x0000000702800000| Untracked 
|  21|0x0000000702a00000, 0x0000000702a00000, 0x0000000702c00000|  0%| F|  |TAMS 0x0000000702a00000, 0x0000000702a00000| Untracked 
|  22|0x0000000702c00000, 0x0000000702c00000, 0x0000000702e00000|  0%| F|  |TAMS 0x0000000702c00000, 0x0000000702c00000| Untracked 
|  23|0x0000000702e00000, 0x0000000702e45178, 0x0000000703000000| 13%| O|  |TAMS 0x0000000702e00000, 0x0000000702e00000| Untracked 
|  24|0x0000000703000000, 0x00000007030820e8, 0x0000000703200000| 25%| O|  |TAMS 0x0000000703000000, 0x0000000703000000| Untracked 
|  25|0x0000000703200000, 0x0000000703200000, 0x0000000703400000|  0%| F|  |TAMS 0x0000000703200000, 0x0000000703200000| Untracked 
|  26|0x0000000703400000, 0x0000000703400000, 0x0000000703600000|  0%| F|  |TAMS 0x0000000703400000, 0x0000000703400000| Untracked 
|  27|0x0000000703600000, 0x0000000703600000, 0x0000000703800000|  0%| F|  |TAMS 0x0000000703600000, 0x0000000703600000| Untracked 
|  28|0x0000000703800000, 0x0000000703800000, 0x0000000703a00000|  0%| F|  |TAMS 0x0000000703800000, 0x0000000703800000| Untracked 
|  29|0x0000000703a00000, 0x0000000703a00000, 0x0000000703c00000|  0%| F|  |TAMS 0x0000000703a00000, 0x0000000703a00000| Untracked 
|  30|0x0000000703c00000, 0x0000000703c00000, 0x0000000703e00000|  0%| F|  |TAMS 0x0000000703c00000, 0x0000000703c00000| Untracked 
|  31|0x0000000703e00000, 0x0000000703e00000, 0x0000000704000000|  0%| F|  |TAMS 0x0000000703e00000, 0x0000000703e00000| Untracked 
|  32|0x0000000704000000, 0x000000070418ee50, 0x0000000704200000| 77%| O|  |TAMS 0x0000000704000000, 0x0000000704000000| Untracked 
|  33|0x0000000704200000, 0x0000000704200000, 0x0000000704400000|  0%| F|  |TAMS 0x0000000704200000, 0x0000000704200000| Untracked 
|  34|0x0000000704400000, 0x0000000704400000, 0x0000000704600000|  0%| F|  |TAMS 0x0000000704400000, 0x0000000704400000| Untracked 
|  35|0x0000000704600000, 0x00000007046e9920, 0x0000000704800000| 45%| S|CS|TAMS 0x0000000704600000, 0x0000000704600000| Complete 
|  36|0x0000000704800000, 0x0000000704a00000, 0x0000000704a00000|100%| S|CS|TAMS 0x0000000704800000, 0x0000000704800000| Complete 
|  37|0x0000000704a00000, 0x0000000704c00000, 0x0000000704c00000|100%| S|CS|TAMS 0x0000000704a00000, 0x0000000704a00000| Complete 
|  38|0x0000000704c00000, 0x0000000704c00000, 0x0000000704e00000|  0%| F|  |TAMS 0x0000000704c00000, 0x0000000704c00000| Untracked 
|  39|0x0000000704e00000, 0x0000000704e00000, 0x0000000705000000|  0%| F|  |TAMS 0x0000000704e00000, 0x0000000704e00000| Untracked 
|  40|0x0000000705000000, 0x0000000705000000, 0x0000000705200000|  0%| F|  |TAMS 0x0000000705000000, 0x0000000705000000| Untracked 
|  41|0x0000000705200000, 0x0000000705200000, 0x0000000705400000|  0%| F|  |TAMS 0x0000000705200000, 0x0000000705200000| Untracked 
|  42|0x0000000705400000, 0x0000000705400000, 0x0000000705600000|  0%| F|  |TAMS 0x0000000705400000, 0x0000000705400000| Untracked 
|  43|0x0000000705600000, 0x0000000705600000, 0x0000000705800000|  0%| F|  |TAMS 0x0000000705600000, 0x0000000705600000| Untracked 
|  44|0x0000000705800000, 0x0000000705800000, 0x0000000705a00000|  0%| F|  |TAMS 0x0000000705800000, 0x0000000705800000| Untracked 
|  45|0x0000000705a00000, 0x0000000705a00000, 0x0000000705c00000|  0%| F|  |TAMS 0x0000000705a00000, 0x0000000705a00000| Untracked 
|  46|0x0000000705c00000, 0x0000000705c00000, 0x0000000705e00000|  0%| F|  |TAMS 0x0000000705c00000, 0x0000000705c00000| Untracked 
|  47|0x0000000705e00000, 0x0000000705e00000, 0x0000000706000000|  0%| F|  |TAMS 0x0000000705e00000, 0x0000000705e00000| Untracked 
|  48|0x0000000706000000, 0x0000000706000000, 0x0000000706200000|  0%| F|  |TAMS 0x0000000706000000, 0x0000000706000000| Untracked 
|  49|0x0000000706200000, 0x0000000706200000, 0x0000000706400000|  0%| F|  |TAMS 0x0000000706200000, 0x0000000706200000| Untracked 
|  50|0x0000000706400000, 0x0000000706400000, 0x0000000706600000|  0%| F|  |TAMS 0x0000000706400000, 0x0000000706400000| Untracked 
|  51|0x0000000706600000, 0x0000000706600000, 0x0000000706800000|  0%| F|  |TAMS 0x0000000706600000, 0x0000000706600000| Untracked 
|  52|0x0000000706800000, 0x00000007068f1e70, 0x0000000706a00000| 47%| E|  |TAMS 0x0000000706800000, 0x0000000706800000| Complete 
|  53|0x0000000706a00000, 0x0000000706c00000, 0x0000000706c00000|100%| E|CS|TAMS 0x0000000706a00000, 0x0000000706a00000| Complete 
|  54|0x0000000706c00000, 0x0000000706e00000, 0x0000000706e00000|100%| E|CS|TAMS 0x0000000706c00000, 0x0000000706c00000| Complete 
|  55|0x0000000706e00000, 0x0000000707000000, 0x0000000707000000|100%| E|CS|TAMS 0x0000000706e00000, 0x0000000706e00000| Complete 
|  56|0x0000000707000000, 0x0000000707200000, 0x0000000707200000|100%| E|CS|TAMS 0x0000000707000000, 0x0000000707000000| Complete 
|  57|0x0000000707200000, 0x0000000707400000, 0x0000000707400000|100%| E|CS|TAMS 0x0000000707200000, 0x0000000707200000| Complete 
|  58|0x0000000707400000, 0x0000000707600000, 0x0000000707600000|100%| E|CS|TAMS 0x0000000707400000, 0x0000000707400000| Complete 
|  59|0x0000000707600000, 0x0000000707800000, 0x0000000707800000|100%| E|CS|TAMS 0x0000000707600000, 0x0000000707600000| Complete 
|  60|0x0000000707800000, 0x0000000707a00000, 0x0000000707a00000|100%| E|CS|TAMS 0x0000000707800000, 0x0000000707800000| Complete 
|  61|0x0000000707a00000, 0x0000000707c00000, 0x0000000707c00000|100%| E|CS|TAMS 0x0000000707a00000, 0x0000000707a00000| Complete 
|  62|0x0000000707c00000, 0x0000000707e00000, 0x0000000707e00000|100%| E|CS|TAMS 0x0000000707c00000, 0x0000000707c00000| Complete 
|  63|0x0000000707e00000, 0x0000000708000000, 0x0000000708000000|100%| E|CS|TAMS 0x0000000707e00000, 0x0000000707e00000| Complete 
|  64|0x0000000708000000, 0x0000000708200000, 0x0000000708200000|100%| E|CS|TAMS 0x0000000708000000, 0x0000000708000000| Complete 
|  65|0x0000000708200000, 0x0000000708400000, 0x0000000708400000|100%| E|CS|TAMS 0x0000000708200000, 0x0000000708200000| Complete 
|  66|0x0000000708400000, 0x0000000708600000, 0x0000000708600000|100%| E|CS|TAMS 0x0000000708400000, 0x0000000708400000| Complete 
|  67|0x0000000708600000, 0x0000000708800000, 0x0000000708800000|100%| E|CS|TAMS 0x0000000708600000, 0x0000000708600000| Complete 
|  68|0x0000000708800000, 0x0000000708a00000, 0x0000000708a00000|100%| E|CS|TAMS 0x0000000708800000, 0x0000000708800000| Complete 
|  69|0x0000000708a00000, 0x0000000708c00000, 0x0000000708c00000|100%| E|CS|TAMS 0x0000000708a00000, 0x0000000708a00000| Complete 

Card table byte_map: [0x0000000101064000,0x0000000101864000] _byte_map_base: 0x00000000fd864000

Marking Bits (Prev, Next): (CMBitMap*) 0x000000011402dc50, (CMBitMap*) 0x000000011402dc10
 Prev Bits: [0x000000010eb04000, 0x0000000112b04000)
 Next Bits: [0x000000010ab04000, 0x000000010eb04000)

Polling page: 0x000000010035c000

Metaspace:

Usage:
  Non-class:     75.45 MB used.
      Class:     11.27 MB used.
       Both:     86.72 MB used.

Virtual space:
  Non-class space:       80.00 MB reserved,      75.75 MB ( 95%) committed,  10 nodes.
      Class space:        1.00 GB reserved,      11.56 MB (  1%) committed,  1 nodes.
             Both:        1.08 GB reserved,      87.31 MB (  8%) committed. 

Chunk freelists:
   Non-Class:  210.00 KB
       Class:  477.00 KB
        Both:  687.00 KB

MaxMetaspaceSize: unlimited
CompressedClassSpaceSize: 1.00 GB
Initial GC threshold: 21.00 MB
Current GC threshold: 143.06 MB
CDS: off
MetaspaceReclaimPolicy: balanced
 - commit_granule_bytes: 65536.
 - commit_granule_words: 8192.
 - virtual_space_node_default_size: 1048576.
 - enlarge_chunks_in_place: 1.
 - new_chunks_are_fully_committed: 0.
 - uncommit_free_chunks: 1.
 - use_allocation_guard: 0.
 - handle_deallocations: 1.


Internal statistics:

num_allocs_failed_limit: 11.
num_arena_births: 814.
num_arena_deaths: 0.
num_vsnodes_births: 11.
num_vsnodes_deaths: 0.
num_space_committed: 1397.
num_space_uncommitted: 0.
num_chunks_returned_to_freelist: 11.
num_chunks_taken_from_freelist: 3599.
num_chunk_merges: 11.
num_chunk_splits: 2618.
num_chunks_enlarged: 2047.
num_purges: 2.
num_inconsistent_stats: 0.

CodeHeap 'non-profiled nmethods': size=120032Kb used=4227Kb max_used=4227Kb free=115804Kb
 bounds [0x0000000137ac8000, 0x0000000137ef8000, 0x000000013f000000]
CodeHeap 'profiled nmethods': size=120016Kb used=17195Kb max_used=17195Kb free=102820Kb
 bounds [0x0000000130594000, 0x0000000131664000, 0x0000000137ac8000]
CodeHeap 'non-nmethods': size=5712Kb used=1368Kb max_used=1581Kb free=4343Kb
 bounds [0x0000000130000000, 0x0000000130270000, 0x0000000130594000]
 total_blobs=9873 nmethods=9189 adapters=599
 compilation: enabled
              stopped_count=0, restarted_count=0
 full_count=0

Compilation events (20 events):
Event: 199.184 Thread 0x000000011410b600 nmethod 10393 0x0000000131658210 code [0x0000000131658400, 0x00000001316588b8]
Event: 199.184 Thread 0x000000011410b000 nmethod 10391 0x0000000137ee8910 code [0x0000000137ee8a80, 0x0000000137ee8c20]
Event: 200.184 Thread 0x000000011410b600 10394       3       java.util.concurrent.locks.AbstractQueuedSynchronizer$ConditionNode::block (15 bytes)
Event: 200.188 Thread 0x000000011410b600 nmethod 10394 0x0000000131658a10 code [0x0000000131658c00, 0x0000000131659098]
Event: 200.207 Thread 0x000000011410b600 10395       3       org.apache.juli.logging.DirectJDKLog::isTraceEnabled (11 bytes)
Event: 200.207 Thread 0x000000011410b600 nmethod 10395 0x0000000131659210 code [0x00000001316593c0, 0x00000001316596e8]
Event: 201.179 Thread 0x000000011410b600 10396   !   3       java.util.concurrent.locks.AbstractQueuedSynchronizer::acquire (407 bytes)
Event: 201.182 Thread 0x000000011410b600 nmethod 10396 0x0000000131659890 code [0x0000000131659d80, 0x000000013165ba78]
Event: 201.976 Thread 0x000000011410b600 10397       3       java.util.concurrent.ScheduledThreadPoolExecutor$ScheduledFutureTask::run (57 bytes)
Event: 201.977 Thread 0x000000011410b600 nmethod 10397 0x000000013165c610 code [0x000000013165c880, 0x000000013165ce48]
Event: 201.977 Thread 0x000000011410b600 10398       3       java.util.concurrent.ScheduledThreadPoolExecutor$ScheduledFutureTask::setNextRunTime (38 bytes)
Event: 201.978 Thread 0x000000011410b600 nmethod 10398 0x000000013165d010 code [0x000000013165d1c0, 0x000000013165d418]
Event: 201.978 Thread 0x000000011410b600 10399       3       java.util.concurrent.ScheduledThreadPoolExecutor::reExecutePeriodic (49 bytes)
Event: 201.978 Thread 0x000000011410b600 nmethod 10399 0x000000013165d510 code [0x000000013165d780, 0x000000013165df78]
Event: 202.101 Thread 0x000000011410b600 10400       3       java.util.concurrent.Executors$RunnableAdapter::call (14 bytes)
Event: 202.102 Thread 0x000000011410b600 nmethod 10400 0x000000013165e210 code [0x000000013165e3c0, 0x000000013165e618]
Event: 203.120 Thread 0x000000011410b600 10401       3       java.util.Date::<init> (8 bytes)
Event: 203.121 Thread 0x000000011410b600 nmethod 10401 0x000000013165e710 code [0x000000013165e8c0, 0x000000013165eae8]
Event: 210.219 Thread 0x000000011410b600 10402       3       java.lang.Math::min (12 bytes)
Event: 210.219 Thread 0x000000011410b600 nmethod 10402 0x000000013165ec10 code [0x000000013165edc0, 0x000000013165ef28]

GC Heap History (20 events):
Event: 3.017 GC heap before
{Heap before GC invocations=22 (full 0):
 garbage-first heap   total 110592K, used 83503K [0x0000000700000000, 0x0000000800000000)
  region size 2048K, 28 young (57344K), 4 survivors (8192K)
 Metaspace       used 77875K, committed 78464K, reserved 1122304K
  class space    used 10232K, committed 10496K, reserved 1048576K
}
Event: 3.022 GC heap after
{Heap after GC invocations=23 (full 0):
 garbage-first heap   total 133120K, used 43518K [0x0000000700000000, 0x0000000800000000)
  region size 2048K, 4 young (8192K), 4 survivors (8192K)
 Metaspace       used 77875K, committed 78464K, reserved 1122304K
  class space    used 10232K, committed 10496K, reserved 1048576K
}
Event: 3.107 GC heap before
{Heap before GC invocations=23 (full 0):
 garbage-first heap   total 133120K, used 92670K [0x0000000700000000, 0x0000000800000000)
  region size 2048K, 29 young (59392K), 4 survivors (8192K)
 Metaspace       used 77875K, committed 78464K, reserved 1122304K
  class space    used 10232K, committed 10496K, reserved 1048576K
}
Event: 3.112 GC heap after
{Heap after GC invocations=24 (full 0):
 garbage-first heap   total 133120K, used 56219K [0x0000000700000000, 0x0000000800000000)
  region size 2048K, 4 young (8192K), 4 survivors (8192K)
 Metaspace       used 77875K, committed 78464K, reserved 1122304K
  class space    used 10232K, committed 10496K, reserved 1048576K
}
Event: 3.157 GC heap before
{Heap before GC invocations=24 (full 0):
 garbage-first heap   total 133120K, used 93083K [0x0000000700000000, 0x0000000800000000)
  region size 2048K, 22 young (45056K), 4 survivors (8192K)
 Metaspace       used 77879K, committed 78464K, reserved 1122304K
  class space    used 10232K, committed 10496K, reserved 1048576K
}
Event: 3.162 GC heap after
{Heap after GC invocations=25 (full 0):
 garbage-first heap   total 133120K, used 65482K [0x0000000700000000, 0x0000000800000000)
  region size 2048K, 3 young (6144K), 3 survivors (6144K)
 Metaspace       used 77879K, committed 78464K, reserved 1122304K
  class space    used 10232K, committed 10496K, reserved 1048576K
}
Event: 3.199 GC heap before
{Heap before GC invocations=25 (full 0):
 garbage-first heap   total 133120K, used 94154K [0x0000000700000000, 0x0000000800000000)
  region size 2048K, 17 young (34816K), 3 survivors (6144K)
 Metaspace       used 77889K, committed 78464K, reserved 1122304K
  class space    used 10232K, committed 10496K, reserved 1048576K
}
Event: 3.202 GC heap after
{Heap after GC invocations=26 (full 0):
 garbage-first heap   total 133120K, used 68353K [0x0000000700000000, 0x0000000800000000)
  region size 2048K, 1 young (2048K), 1 survivors (2048K)
 Metaspace       used 77889K, committed 78464K, reserved 1122304K
  class space    used 10232K, committed 10496K, reserved 1048576K
}
Event: 3.251 GC heap before
{Heap before GC invocations=27 (full 0):
 garbage-first heap   total 133120K, used 97025K [0x0000000700000000, 0x0000000800000000)
  region size 2048K, 16 young (32768K), 1 survivors (2048K)
 Metaspace       used 78093K, committed 78656K, reserved 1122304K
  class space    used 10290K, committed 10560K, reserved 1048576K
}
Event: 3.252 GC heap after
{Heap after GC invocations=28 (full 0):
 garbage-first heap   total 133120K, used 65865K [0x0000000700000000, 0x0000000800000000)
  region size 2048K, 1 young (2048K), 1 survivors (2048K)
 Metaspace       used 78093K, committed 78656K, reserved 1122304K
  class space    used 10290K, committed 10560K, reserved 1048576K
}
Event: 3.258 GC heap before
{Heap before GC invocations=28 (full 0):
 garbage-first heap   total 133120K, used 69961K [0x0000000700000000, 0x0000000800000000)
  region size 2048K, 3 young (6144K), 1 survivors (2048K)
 Metaspace       used 78093K, committed 78656K, reserved 1122304K
  class space    used 10290K, committed 10560K, reserved 1048576K
}
Event: 3.259 GC heap after
{Heap after GC invocations=29 (full 0):
 garbage-first heap   total 241664K, used 55381K [0x0000000700000000, 0x0000000800000000)
  region size 2048K, 1 young (2048K), 1 survivors (2048K)
 Metaspace       used 78093K, committed 78656K, reserved 1122304K
  class space    used 10290K, committed 10560K, reserved 1048576K
}
Event: 3.271 GC heap before
{Heap before GC invocations=29 (full 0):
 garbage-first heap   total 241664K, used 63573K [0x0000000700000000, 0x0000000800000000)
  region size 2048K, 5 young (10240K), 1 survivors (2048K)
 Metaspace       used 78093K, committed 78656K, reserved 1122304K
  class space    used 10290K, committed 10560K, reserved 1048576K
}
Event: 3.273 GC heap after
{Heap after GC invocations=30 (full 0):
 garbage-first heap   total 241664K, used 52657K [0x0000000700000000, 0x0000000800000000)
  region size 2048K, 1 young (2048K), 1 survivors (2048K)
 Metaspace       used 78093K, committed 78656K, reserved 1122304K
  class space    used 10290K, committed 10560K, reserved 1048576K
}
Event: 36.816 GC heap before
{Heap before GC invocations=30 (full 0):
 garbage-first heap   total 241664K, used 177585K [0x0000000700000000, 0x0000000800000000)
  region size 2048K, 63 young (129024K), 1 survivors (2048K)
 Metaspace       used 86313K, committed 86848K, reserved 1130496K
  class space    used 11405K, committed 11648K, reserved 1048576K
}
Event: 36.822 GC heap after
{Heap after GC invocations=31 (full 0):
 garbage-first heap   total 241664K, used 58959K [0x0000000700000000, 0x0000000800000000)
  region size 2048K, 4 young (8192K), 4 survivors (8192K)
 Metaspace       used 86313K, committed 86848K, reserved 1130496K
  class space    used 11405K, committed 11648K, reserved 1048576K
}
Event: 171.753 GC heap before
{Heap before GC invocations=31 (full 0):
 garbage-first heap   total 241664K, used 77391K [0x0000000700000000, 0x0000000800000000)
  region size 2048K, 14 young (28672K), 4 survivors (8192K)
 Metaspace       used 87298K, committed 87872K, reserved 1130496K
  class space    used 11482K, committed 11776K, reserved 1048576K
}
Event: 171.787 GC heap after
{Heap after GC invocations=32 (full 1):
 garbage-first heap   total 143360K, used 35859K [0x0000000700000000, 0x0000000800000000)
  region size 2048K, 0 young (0K), 0 survivors (0K)
 Metaspace       used 87298K, committed 87872K, reserved 1130496K
  class space    used 11482K, committed 11776K, reserved 1048576K
}
Event: 172.083 GC heap before
{Heap before GC invocations=32 (full 1):
 garbage-first heap   total 143360K, used 99347K [0x0000000700000000, 0x0000000800000000)
  region size 2048K, 32 young (65536K), 0 survivors (0K)
 Metaspace       used 88366K, committed 89024K, reserved 1130496K
  class space    used 11525K, committed 11840K, reserved 1048576K
}
Event: 172.085 GC heap after
{Heap after GC invocations=33 (full 1):
 garbage-first heap   total 143360K, used 40902K [0x0000000700000000, 0x0000000800000000)
  region size 2048K, 3 young (6144K), 3 survivors (6144K)
 Metaspace       used 88366K, committed 89024K, reserved 1130496K
  class space    used 11525K, committed 11840K, reserved 1048576K
}

Deoptimization events (20 events):
Event: 172.295 Thread 0x000000012401c200 DEOPT PACKING pc=0x0000000130aeb040 sp=0x0000000173bc4c30
Event: 172.295 Thread 0x000000012401c200 DEOPT UNPACKING pc=0x000000013003eb7c sp=0x0000000173bc4910 mode 1
Event: 172.295 Thread 0x000000012401c200 DEOPT PACKING pc=0x0000000130a9eba0 sp=0x0000000173bc4cc0
Event: 172.295 Thread 0x000000012401c200 DEOPT UNPACKING pc=0x000000013003eb7c sp=0x0000000173bc4a60 mode 1
Event: 172.295 Thread 0x000000012401c200 DEOPT PACKING pc=0x0000000130a9c568 sp=0x0000000173bc4e20
Event: 172.295 Thread 0x000000012401c200 DEOPT UNPACKING pc=0x000000013003eb7c sp=0x0000000173bc4bf0 mode 1
Event: 172.295 Thread 0x000000012401c200 DEOPT PACKING pc=0x0000000130aeb040 sp=0x0000000173bc46d0
Event: 172.295 Thread 0x000000012401c200 DEOPT UNPACKING pc=0x000000013003eb7c sp=0x0000000173bc43b0 mode 1
Event: 172.295 Thread 0x000000012401c200 DEOPT PACKING pc=0x0000000130a9eba0 sp=0x0000000173bc4760
Event: 172.295 Thread 0x000000012401c200 DEOPT UNPACKING pc=0x000000013003eb7c sp=0x0000000173bc4500 mode 1
Event: 172.295 Thread 0x000000012401c200 DEOPT PACKING pc=0x0000000130a9c568 sp=0x0000000173bc48c0
Event: 172.295 Thread 0x000000012401c200 DEOPT UNPACKING pc=0x000000013003eb7c sp=0x0000000173bc4690 mode 1
Event: 172.303 Thread 0x0000000126a61600 DEOPT PACKING pc=0x000000013067863c sp=0x0000000175661180
Event: 172.303 Thread 0x0000000126a61600 DEOPT UNPACKING pc=0x000000013003eb7c sp=0x0000000175660ec0 mode 1
Event: 172.303 Thread 0x0000000126a61600 DEOPT PACKING pc=0x000000013067863c sp=0x0000000175661180
Event: 172.303 Thread 0x0000000126a61600 DEOPT UNPACKING pc=0x000000013003eb7c sp=0x0000000175660ec0 mode 1
Event: 177.300 Thread 0x0000000123272200 DEOPT PACKING pc=0x00000001306f1e7c sp=0x000000017730a310
Event: 177.300 Thread 0x0000000123272200 DEOPT UNPACKING pc=0x000000013003eb7c sp=0x0000000177309fe0 mode 1
Event: 177.300 Thread 0x0000000123272200 DEOPT PACKING pc=0x0000000130f155e8 sp=0x000000017730a200
Event: 177.300 Thread 0x0000000123272200 DEOPT UNPACKING pc=0x000000013003eb7c sp=0x0000000177309e70 mode 1

Classes unloaded (0 events):
No events

Classes redefined (3 events):
Event: 170.461 Thread 0x0000000123f056c0 redefined class name=com.example.scraper.FirstNPBPlayerScraper, count=1
Event: 210.170 Thread 0x0000000123f056c0 redefined class name=com.example.scraper.FirstNPBPlayerScraper, count=2
Event: 210.170 Thread 0x0000000123f056c0 redefined class name=com.example.scraper.FirstNPBPlayerScraper, count=1

Internal exceptions (20 events):
Event: 3.855 Thread 0x0000000114114600 Exception <a 'java/lang/NoSuchMethodError'{0x0000000707885df8}: 'void java.lang.invoke.DirectMethodHandle$Holder.invokeSpecialIFC(java.lang.Object, java.lang.Object, int, java.lang.Object, java.lang.Object, java.lang.Object, java.lang.Object)'> (0x0000000707885df8) 
thrown [src/hotspot/share/interpreter/linkResolver.cpp, line 759]
Event: 36.826 Thread 0x0000000114114600 Exception <a 'java/lang/NoSuchMethodError'{0x000000070fe93150}: 'int java.lang.invoke.DirectMethodHandle$Holder.invokeStatic(java.lang.Object, java.lang.Object, int, int)'> (0x000000070fe93150) 
thrown [src/hotspot/share/interpreter/linkResolver.cpp, line 759]
Event: 171.752 Thread 0x0000000114580200 Exception <a 'java/lang/InterruptedException'{0x000000070db62d10}: sleep interrupted> (0x000000070db62d10) 
thrown [src/hotspot/share/prims/jvm.cpp, line 3070]
Event: 171.793 Thread 0x000000012401c200 Exception <a 'sun/nio/fs/UnixException'{0x0000000708ade970}> (0x0000000708ade970) 
thrown [src/hotspot/share/prims/jni.cpp, line 516]
Event: 171.929 Thread 0x000000012401c200 Exception <a 'java/lang/NoClassDefFoundError'{0x0000000706ea12b0}: org/flywaydb/core/Flyway> (0x0000000706ea12b0) 
thrown [src/hotspot/share/oops/constantPool.cpp, line 835]
Event: 171.930 Thread 0x000000012401c200 Exception <a 'java/lang/NoClassDefFoundError'{0x0000000706ea1900}: liquibase/integration/spring/SpringLiquibase> (0x0000000706ea1900) 
thrown [src/hotspot/share/oops/constantPool.cpp, line 835]
Event: 171.931 Thread 0x000000012401c200 Exception <a 'java/lang/NoClassDefFoundError'{0x0000000706ebfc50}: org/springframework/batch/core/repository/JobRepository> (0x0000000706ebfc50) 
thrown [src/hotspot/share/oops/constantPool.cpp, line 835]
Event: 171.932 Thread 0x000000012401c200 Exception <a 'java/lang/NoClassDefFoundError'{0x0000000706ec0298}: org/quartz/Scheduler> (0x0000000706ec0298) 
thrown [src/hotspot/share/oops/constantPool.cpp, line 835]
Event: 171.933 Thread 0x000000012401c200 Exception <a 'java/lang/NoClassDefFoundError'{0x0000000706ec0908}: org/springframework/session/jdbc/JdbcIndexedSessionRepository> (0x0000000706ec0908) 
thrown [src/hotspot/share/oops/constantPool.cpp, line 835]
Event: 171.935 Thread 0x000000012401c200 Exception <a 'java/lang/NoClassDefFoundError'{0x0000000706f166f8}: org/jooq/DSLContext> (0x0000000706f166f8) 
thrown [src/hotspot/share/oops/constantPool.cpp, line 835]
Event: 171.945 Thread 0x000000012401c200 Implicit null exception at 0x0000000137e5f478 to 0x0000000137e60ae0
Event: 171.962 Thread 0x000000012401c200 Exception <a 'java/io/FileNotFoundException'{0x00000007069bea48}> (0x00000007069bea48) 
thrown [src/hotspot/share/prims/jni.cpp, line 516]
Event: 171.969 Thread 0x000000012401c200 Exception <a 'java/io/FileNotFoundException'{0x0000000706794990}> (0x0000000706794990) 
thrown [src/hotspot/share/prims/jni.cpp, line 516]
Event: 172.074 Thread 0x000000012401c200 Exception <a 'java/lang/reflect/InvocationTargetException'{0x0000000704f87018}> (0x0000000704f87018) 
thrown [src/hotspot/share/runtime/reflection.cpp, line 1121]
Event: 172.093 Thread 0x000000012401c200 Exception <a 'java/lang/reflect/InvocationTargetException'{0x0000000708b8cba0}> (0x0000000708b8cba0) 
thrown [src/hotspot/share/runtime/reflection.cpp, line 1121]
Event: 172.096 Thread 0x000000012401c200 Exception <a 'java/lang/reflect/InvocationTargetException'{0x0000000708bfbfa8}> (0x0000000708bfbfa8) 
thrown [src/hotspot/share/runtime/reflection.cpp, line 1121]
Event: 172.098 Thread 0x000000012401c200 Exception <a 'java/lang/reflect/InvocationTargetException'{0x0000000708871b88}> (0x0000000708871b88) 
thrown [src/hotspot/share/runtime/reflection.cpp, line 1121]
Event: 172.100 Thread 0x000000012401c200 Exception <a 'java/lang/reflect/InvocationTargetException'{0x00000007088ad5a0}> (0x00000007088ad5a0) 
thrown [src/hotspot/share/runtime/reflection.cpp, line 1121]
Event: 172.101 Thread 0x000000012401c200 Exception <a 'java/lang/reflect/InvocationTargetException'{0x00000007088ced28}> (0x00000007088ced28) 
thrown [src/hotspot/share/runtime/reflection.cpp, line 1121]
Event: 172.106 Thread 0x000000012401c200 Exception <a 'java/lang/reflect/InvocationTargetException'{0x000000070873ff08}> (0x000000070873ff08) 
thrown [src/hotspot/share/runtime/reflection.cpp, line 1121]

VM Operations (20 events):
Event: 210.203 Executing VM operation: ChangeBreakpoints done
Event: 210.204 Executing VM operation: ChangeBreakpoints
Event: 210.205 Executing VM operation: ChangeBreakpoints done
Event: 210.213 Executing VM operation: ChangeBreakpoints
Event: 210.215 Executing VM operation: ChangeBreakpoints done
Event: 210.216 Executing VM operation: ChangeBreakpoints
Event: 210.216 Executing VM operation: ChangeBreakpoints done
Event: 210.218 Executing VM operation: ChangeSingleStep
Event: 210.218 Executing VM operation: ChangeSingleStep done
Event: 210.218 Executing VM operation: get/set locals
Event: 210.219 Executing VM operation: get/set locals done
Event: 210.219 Executing VM operation: ChangeSingleStep
Event: 210.219 Executing VM operation: ChangeSingleStep done
Event: 210.219 Executing VM operation: ChangeSingleStep
Event: 210.219 Executing VM operation: ChangeSingleStep done
Event: 210.220 Executing VM operation: get/set locals
Event: 210.220 Executing VM operation: get/set locals done
Event: 210.221 Executing VM operation: ChangeSingleStep
Event: 210.221 Executing VM operation: ChangeSingleStep done
Event: 210.226 Executing VM operation: get/set locals

Events (20 events):
Event: 172.178 Thread 0x0000000126b4ec00 Thread added: 0x0000000126b4ec00
Event: 172.178 Protecting memory [0x00000001766cc000,0x00000001766d8000] with protection modes 0
Event: 172.178 Thread 0x000000012680c400 Thread added: 0x000000012680c400
Event: 172.178 Protecting memory [0x00000001768d8000,0x00000001768e4000] with protection modes 0
Event: 172.178 Thread 0x000000012680ca00 Thread added: 0x000000012680ca00
Event: 172.178 Protecting memory [0x0000000176ae4000,0x0000000176af0000] with protection modes 0
Event: 172.178 Thread 0x000000012680d000 Thread added: 0x000000012680d000
Event: 172.178 Protecting memory [0x0000000176cf0000,0x0000000176cfc000] with protection modes 0
Event: 172.178 Thread 0x00000001240bee00 Thread added: 0x00000001240bee00
Event: 172.178 Protecting memory [0x0000000176efc000,0x0000000176f08000] with protection modes 0
Event: 172.229 Thread 0x000000013f009800 Thread added: 0x000000013f009800
Event: 172.229 Protecting memory [0x0000000177108000,0x0000000177114000] with protection modes 0
Event: 172.229 Protecting memory [0x0000000177108000,0x0000000177114000] with protection modes 3
Event: 172.229 Thread 0x000000013f009800 Thread exited: 0x000000013f009800
Event: 172.294 Thread 0x0000000123272200 Thread added: 0x0000000123272200
Event: 172.294 Protecting memory [0x0000000177108000,0x0000000177114000] with protection modes 0
Event: 177.300 Protecting memory [0x0000000177108000,0x0000000177114000] with protection modes 3
Event: 177.300 Thread 0x0000000123272200 Thread exited: 0x0000000123272200
Event: 177.322 Protecting memory [0x0000000175460000,0x000000017546c000] with protection modes 3
Event: 177.322 Thread 0x0000000126a61600 Thread exited: 0x0000000126a61600


Dynamic libraries:
0x00000001007c4000 	/Library/Java/JavaVirtualMachines/temurin-17.jdk/Contents/Home/lib/libjli.dylib
0x000000018efbe000 	/usr/lib/libz.1.dylib
0x000000018f07c000 	/usr/lib/libSystem.B.dylib
0x000000018f076000 	/usr/lib/system/libcache.dylib
0x000000018f030000 	/usr/lib/system/libcommonCrypto.dylib
0x000000018f05c000 	/usr/lib/system/libcompiler_rt.dylib
0x000000018f052000 	/usr/lib/system/libcopyfile.dylib
0x0000000182164000 	/usr/lib/system/libcorecrypto.dylib
0x000000018224a000 	/usr/lib/system/libdispatch.dylib
0x0000000182405000 	/usr/lib/system/libdyld.dylib
0x000000018f06c000 	/usr/lib/system/libkeymgr.dylib
0x000000018f008000 	/usr/lib/system/libmacho.dylib
0x000000018e4e8000 	/usr/lib/system/libquarantine.dylib
0x000000018f069000 	/usr/lib/system/libremovefile.dylib
0x0000000187b80000 	/usr/lib/system/libsystem_asl.dylib
0x00000001820f9000 	/usr/lib/system/libsystem_blocks.dylib
0x0000000182295000 	/usr/lib/system/libsystem_c.dylib
0x000000018f060000 	/usr/lib/system/libsystem_collections.dylib
0x000000018d6c0000 	/usr/lib/system/libsystem_configuration.dylib
0x000000018c6fc000 	/usr/lib/system/libsystem_containermanager.dylib
0x000000018ec9f000 	/usr/lib/system/libsystem_coreservices.dylib
0x0000000185823000 	/usr/lib/system/libsystem_darwin.dylib
0x000000024a86a000 	/usr/lib/system/libsystem_darwindirectory.dylib
0x000000018f06d000 	/usr/lib/system/libsystem_dnssd.dylib
0x000000024a86e000 	/usr/lib/system/libsystem_eligibility.dylib
0x0000000182292000 	/usr/lib/system/libsystem_featureflags.dylib
0x0000000182433000 	/usr/lib/system/libsystem_info.dylib
0x000000018efcd000 	/usr/lib/system/libsystem_m.dylib
0x000000018220d000 	/usr/lib/system/libsystem_malloc.dylib
0x0000000187aed000 	/usr/lib/system/libsystem_networkextension.dylib
0x0000000185c99000 	/usr/lib/system/libsystem_notify.dylib
0x000000018d6c5000 	/usr/lib/system/libsystem_sandbox.dylib
0x000000024a872000 	/usr/lib/system/libsystem_sanitizers.dylib
0x000000018f065000 	/usr/lib/system/libsystem_secinit.dylib
0x00000001823bd000 	/usr/lib/system/libsystem_kernel.dylib
0x000000018242b000 	/usr/lib/system/libsystem_platform.dylib
0x00000001823f8000 	/usr/lib/system/libsystem_pthread.dylib
0x0000000189570000 	/usr/lib/system/libsystem_symptoms.dylib
0x0000000182149000 	/usr/lib/system/libsystem_trace.dylib
0x000000018f03e000 	/usr/lib/system/libunwind.dylib
0x00000001820fe000 	/usr/lib/system/libxpc.dylib
0x00000001823a1000 	/usr/lib/libc++abi.dylib
0x0000000182020000 	/usr/lib/libobjc.A.dylib
0x000000018f04a000 	/usr/lib/liboah.dylib
0x0000000182314000 	/usr/lib/libc++.1.dylib
0x000000019c75b000 	/System/Library/Frameworks/Cocoa.framework/Versions/A/Cocoa
0x0000000185d02000 	/System/Library/Frameworks/AppKit.framework/Versions/C/AppKit
0x0000000188d6e000 	/System/Library/Frameworks/CoreData.framework/Versions/A/CoreData
0x00000001835b5000 	/System/Library/Frameworks/Foundation.framework/Versions/C/Foundation
0x000000018703f000 	/System/Library/PrivateFrameworks/UIFoundation.framework/Versions/A/UIFoundation
0x000000021dc1f000 	/System/Library/PrivateFrameworks/CollectionViewCore.framework/Versions/A/CollectionViewCore
0x00000001962f5000 	/System/Library/PrivateFrameworks/RemoteViewServices.framework/Versions/A/RemoteViewServices
0x000000018cf29000 	/System/Library/PrivateFrameworks/XCTTargetBootstrap.framework/Versions/A/XCTTargetBootstrap
0x00000001916b8000 	/System/Library/PrivateFrameworks/InternationalSupport.framework/Versions/A/InternationalSupport
0x000000019170c000 	/System/Library/PrivateFrameworks/UserActivity.framework/Versions/A/UserActivity
0x0000000242076000 	/System/Library/PrivateFrameworks/WindowManagement.framework/Versions/A/WindowManagement
0x0000000183235000 	/System/Library/Frameworks/SystemConfiguration.framework/Versions/A/SystemConfiguration
0x0000000190b26000 	/usr/lib/libspindump.dylib
0x00000001871f4000 	/System/Library/Frameworks/UniformTypeIdentifiers.framework/Versions/A/UniformTypeIdentifiers
0x000000018ada0000 	/usr/lib/libapp_launch_measurement.dylib
0x000000018a1c6000 	/System/Library/PrivateFrameworks/CoreAnalytics.framework/Versions/A/CoreAnalytics
0x000000018ada7000 	/System/Library/PrivateFrameworks/CoreAutoLayout.framework/Versions/A/CoreAutoLayout
0x000000018c749000 	/System/Library/Frameworks/Metal.framework/Versions/A/Metal
0x000000018d6d1000 	/usr/lib/liblangid.dylib
0x000000018cf2f000 	/System/Library/PrivateFrameworks/CoreSVG.framework/Versions/A/CoreSVG
0x0000000187bb9000 	/System/Library/PrivateFrameworks/SkyLight.framework/Versions/A/SkyLight
0x000000018805a000 	/System/Library/Frameworks/CoreGraphics.framework/Versions/A/CoreGraphics
0x00000001969cf000 	/System/Library/Frameworks/Accelerate.framework/Versions/A/Accelerate
0x0000000190980000 	/System/Library/PrivateFrameworks/IconServices.framework/Versions/A/IconServices
0x000000018c727000 	/System/Library/Frameworks/IOSurface.framework/Versions/A/IOSurface
0x000000018a1f5000 	/usr/lib/libDiagnosticMessagesClient.dylib
0x000000019a174000 	/System/Library/Frameworks/ApplicationServices.framework/Versions/A/ApplicationServices
0x000000018cf11000 	/System/Library/PrivateFrameworks/DFRFoundation.framework/Versions/A/DFRFoundation
0x000000018555c000 	/usr/lib/libicucore.A.dylib
0x0000000192716000 	/System/Library/Frameworks/AudioToolbox.framework/Versions/A/AudioToolbox
0x00000001916c7000 	/System/Library/PrivateFrameworks/DataDetectorsCore.framework/Versions/A/DataDetectorsCore
0x00000001ab13a000 	/System/Library/PrivateFrameworks/TextInput.framework/Versions/A/TextInput
0x0000000187b0a000 	/usr/lib/libMobileGestalt.dylib
0x000000018cc4d000 	/System/Library/Frameworks/Carbon.framework/Versions/A/Frameworks/HIToolbox.framework/Versions/A/HIToolbox
0x000000018a6cc000 	/System/Library/Frameworks/QuartzCore.framework/Versions/A/QuartzCore
0x0000000185189000 	/System/Library/Frameworks/Security.framework/Versions/A/Security
0x0000000196335000 	/System/Library/Frameworks/Carbon.framework/Versions/A/Frameworks/SpeechRecognition.framework/Versions/A/SpeechRecognition
0x000000018aace000 	/System/Library/PrivateFrameworks/CoreUI.framework/Versions/A/CoreUI
0x0000000184a82000 	/System/Library/Frameworks/CoreAudio.framework/Versions/A/CoreAudio
0x000000018a2d9000 	/System/Library/Frameworks/DiskArbitration.framework/Versions/A/DiskArbitration
0x0000000190f82000 	/System/Library/PrivateFrameworks/MultitouchSupport.framework/Versions/A/MultitouchSupport
0x0000000187b08000 	/usr/lib/libenergytrace.dylib
0x00000001a0833000 	/System/Library/PrivateFrameworks/RenderBox.framework/Versions/A/RenderBox
0x0000000185bb6000 	/System/Library/Frameworks/IOKit.framework/Versions/A/IOKit
0x000000019670a000 	/System/Library/Frameworks/CoreServices.framework/Versions/A/CoreServices
0x000000018ad2c000 	/System/Library/PrivateFrameworks/PerformanceAnalysis.framework/Versions/A/PerformanceAnalysis
0x00000001d90df000 	/System/Library/Frameworks/OpenGL.framework/Versions/A/OpenGL
0x000000018adf1000 	/usr/lib/libxml2.2.dylib
0x000000018e400000 	/System/Library/PrivateFrameworks/MobileKeyBag.framework/Versions/A/MobileKeyBag
0x0000000196687000 	/System/Library/Frameworks/Accessibility.framework/Versions/A/Accessibility
0x000000018873a000 	/System/Library/Frameworks/ColorSync.framework/Versions/A/ColorSync
0x0000000182460000 	/System/Library/Frameworks/CoreFoundation.framework/Versions/A/CoreFoundation
0x000000018d28c000 	/System/Library/Frameworks/CoreImage.framework/Versions/A/CoreImage
0x000000018488d000 	/System/Library/Frameworks/CoreText.framework/Versions/A/CoreText
0x00000001dd93e000 	/System/Library/Frameworks/CoreTransferable.framework/Versions/A/CoreTransferable
0x00000001dde03000 	/System/Library/Frameworks/DeveloperToolsSupport.framework/Versions/A/DeveloperToolsSupport
0x000000018cf6a000 	/System/Library/Frameworks/ImageIO.framework/Versions/A/ImageIO
0x0000000217dbf000 	/System/Library/Frameworks/Symbols.framework/Versions/A/Symbols
0x000000018f082000 	/System/Library/PrivateFrameworks/SoftLinking.framework/Versions/A/SoftLinking
0x00000001920c8000 	/usr/lib/swift/libswiftCore.dylib
0x00000001a7dc7000 	/usr/lib/swift/libswiftCoreFoundation.dylib
0x00000001a5830000 	/usr/lib/swift/libswiftCoreGraphics.dylib
0x00000001a7e11000 	/usr/lib/swift/libswiftCoreImage.dylib
0x00000001a5837000 	/usr/lib/swift/libswiftDarwin.dylib
0x0000000197d7a000 	/usr/lib/swift/libswiftDispatch.dylib
0x00000001a7e12000 	/usr/lib/swift/libswiftIOKit.dylib
0x00000001b386c000 	/usr/lib/swift/libswiftMetal.dylib
0x00000001c0f31000 	/usr/lib/swift/libswiftOSLog.dylib
0x000000019a5ef000 	/usr/lib/swift/libswiftObjectiveC.dylib
0x00000001b7fa0000 	/usr/lib/swift/libswiftQuartzCore.dylib
0x00000001bc0a5000 	/usr/lib/swift/libswiftUniformTypeIdentifiers.dylib
0x00000001a7dd9000 	/usr/lib/swift/libswiftXPC.dylib
0x000000024a51d000 	/usr/lib/swift/libswift_Concurrency.dylib
0x000000019a5f3000 	/usr/lib/swift/libswiftos.dylib
0x00000001ab09e000 	/usr/lib/swift/libswiftsimd.dylib
0x000000018f231000 	/usr/lib/libcompression.dylib
0x0000000191612000 	/System/Library/PrivateFrameworks/TextureIO.framework/Versions/A/TextureIO
0x000000019062c000 	/usr/lib/libate.dylib
0x00000001904d8000 	/usr/lib/liblzma.5.dylib
0x000000018f07e000 	/usr/lib/libfakelink.dylib
0x0000000187719000 	/System/Library/Frameworks/CFNetwork.framework/Versions/A/CFNetwork
0x000000018f0d2000 	/usr/lib/libarchive.2.dylib
0x0000000194608000 	/System/Library/Frameworks/Combine.framework/Versions/A/Combine
0x000000021dc33000 	/System/Library/PrivateFrameworks/CollectionsInternal.framework/Versions/A/CollectionsInternal
0x00000002345e3000 	/System/Library/PrivateFrameworks/ReflectionInternal.framework/Versions/A/ReflectionInternal
0x0000000234b75000 	/System/Library/PrivateFrameworks/RuntimeInternal.framework/Versions/A/RuntimeInternal
0x000000024a671000 	/usr/lib/swift/libswift_StringProcessing.dylib
0x0000000185b34000 	/System/Library/PrivateFrameworks/CoreServicesInternal.framework/Versions/A/CoreServicesInternal
0x000000018e50f000 	/usr/lib/libbsm.0.dylib
0x000000018f010000 	/usr/lib/system/libkxld.dylib
0x000000018ad68000 	/System/Library/Frameworks/CoreServices.framework/Versions/A/Frameworks/FSEvents.framework/Versions/A/FSEvents
0x000000018582e000 	/System/Library/Frameworks/CoreServices.framework/Versions/A/Frameworks/CarbonCore.framework/Versions/A/CarbonCore
0x000000018a23e000 	/System/Library/Frameworks/CoreServices.framework/Versions/A/Frameworks/Metadata.framework/Versions/A/Metadata
0x000000018eca5000 	/System/Library/Frameworks/CoreServices.framework/Versions/A/Frameworks/OSServices.framework/Versions/A/OSServices
0x000000018f15b000 	/System/Library/Frameworks/CoreServices.framework/Versions/A/Frameworks/SearchKit.framework/Versions/A/SearchKit
0x00000001894f1000 	/System/Library/Frameworks/CoreServices.framework/Versions/A/Frameworks/AE.framework/Versions/A/AE
0x0000000182939000 	/System/Library/Frameworks/CoreServices.framework/Versions/A/Frameworks/LaunchServices.framework/Versions/A/LaunchServices
0x0000000190481000 	/System/Library/Frameworks/CoreServices.framework/Versions/A/Frameworks/DictionaryServices.framework/Versions/A/DictionaryServices
0x000000018ad75000 	/System/Library/Frameworks/CoreServices.framework/Versions/A/Frameworks/SharedFileList.framework/Versions/A/SharedFileList
0x000000018f1fb000 	/usr/lib/libapple_nghttp2.dylib
0x0000000189165000 	/usr/lib/libsqlite3.dylib
0x0000000189579000 	/System/Library/Frameworks/Network.framework/Versions/A/Network
0x0000000248f2e000 	/usr/lib/libCoreEntitlements.dylib
0x000000022f4ed000 	/System/Library/PrivateFrameworks/MessageSecurity.framework/Versions/A/MessageSecurity
0x000000018914b000 	/System/Library/PrivateFrameworks/ProtocolBuffer.framework/Versions/A/ProtocolBuffer
0x000000018ebce000 	/System/Library/PrivateFrameworks/AppleFSCompression.framework/Versions/A/AppleFSCompression
0x000000018e4f7000 	/usr/lib/libcoretls.dylib
0x00000001904f7000 	/usr/lib/libcoretls_cfhelpers.dylib
0x000000018f22b000 	/usr/lib/libpam.2.dylib
0x0000000190569000 	/usr/lib/libxar.1.dylib
0x0000000190957000 	/usr/lib/libheimdal-asn1.dylib
0x0000000187718000 	/usr/lib/libnetwork.dylib
0x000000018f083000 	/usr/lib/libpcap.A.dylib
0x0000000189565000 	/usr/lib/libdns_services.dylib
0x000000018d6cd000 	/System/Library/PrivateFrameworks/AppleSystemInfo.framework/Versions/A/AppleSystemInfo
0x000000018e1f5000 	/System/Library/PrivateFrameworks/IOMobileFramebuffer.framework/Versions/A/IOMobileFramebuffer
0x000000024a5c8000 	/usr/lib/swift/libswift_RegexParser.dylib
0x000000018ec92000 	/usr/lib/libbz2.1.0.dylib
0x000000018e4eb000 	/usr/lib/libCheckFix.dylib
0x0000000187b98000 	/System/Library/PrivateFrameworks/TCC.framework/Versions/A/TCC
0x000000018d6d3000 	/System/Library/PrivateFrameworks/CoreNLP.framework/Versions/A/CoreNLP
0x000000018a1f7000 	/System/Library/PrivateFrameworks/MetadataUtilities.framework/Versions/A/MetadataUtilities
0x000000018e521000 	/usr/lib/libmecab.dylib
0x00000001832c9000 	/usr/lib/libCRFSuite.dylib
0x000000018e57d000 	/usr/lib/libgermantok.dylib
0x000000018f1d2000 	/usr/lib/libThaiTokenizer.dylib
0x000000018a2e2000 	/System/Library/Frameworks/Accelerate.framework/Versions/A/Frameworks/vImage.framework/Versions/A/vImage
0x00000001966e1000 	/System/Library/Frameworks/Accelerate.framework/Versions/A/Frameworks/vecLib.framework/Versions/A/vecLib
0x00000001905b0000 	/System/Library/Frameworks/Accelerate.framework/Versions/A/Frameworks/vecLib.framework/Versions/A/libvMisc.dylib
0x000000018e0d0000 	/System/Library/Frameworks/Accelerate.framework/Versions/A/Frameworks/vecLib.framework/Versions/A/libvDSP.dylib
0x0000000182d40000 	/System/Library/Frameworks/Accelerate.framework/Versions/A/Frameworks/vecLib.framework/Versions/A/libBLAS.dylib
0x000000018f306000 	/System/Library/Frameworks/Accelerate.framework/Versions/A/Frameworks/vecLib.framework/Versions/A/libLAPACK.dylib
0x000000018e580000 	/System/Library/Frameworks/Accelerate.framework/Versions/A/Frameworks/vecLib.framework/Versions/A/libLinearAlgebra.dylib
0x000000018f216000 	/System/Library/Frameworks/Accelerate.framework/Versions/A/Frameworks/vecLib.framework/Versions/A/libSparseBLAS.dylib
0x000000018f301000 	/System/Library/Frameworks/Accelerate.framework/Versions/A/Frameworks/vecLib.framework/Versions/A/libQuadrature.dylib
0x000000018d7fc000 	/System/Library/Frameworks/Accelerate.framework/Versions/A/Frameworks/vecLib.framework/Versions/A/libBNNS.dylib
0x00000001831ce000 	/System/Library/Frameworks/Accelerate.framework/Versions/A/Frameworks/vecLib.framework/Versions/A/libSparse.dylib
0x000000022dc3c000 	/System/Library/PrivateFrameworks/MIL.framework/Versions/A/MIL
0x000000018f0b9000 	/usr/lib/libiconv.2.dylib
0x000000018f004000 	/usr/lib/libcharset.1.dylib
0x000000018ad48000 	/System/Library/Frameworks/OpenDirectory.framework/Versions/A/Frameworks/CFOpenDirectory.framework/Versions/A/CFOpenDirectory
0x000000018ad38000 	/System/Library/Frameworks/OpenDirectory.framework/Versions/A/OpenDirectory
0x00000001904f9000 	/System/Library/PrivateFrameworks/APFS.framework/Versions/A/APFS
0x000000018e427000 	/System/Library/Frameworks/SecurityFoundation.framework/Versions/A/SecurityFoundation
0x0000000190578000 	/usr/lib/libutil.dylib
0x000000022bd9d000 	/System/Library/PrivateFrameworks/InstalledContentLibrary.framework/Versions/A/InstalledContentLibrary
0x0000000185b75000 	/System/Library/PrivateFrameworks/CoreServicesStore.framework/Versions/A/CoreServicesStore
0x000000021b3e0000 	/System/Library/PrivateFrameworks/AppleMobileFileIntegrity.framework/Versions/A/AppleMobileFileIntegrity
0x00000001a7d95000 	/usr/lib/libmis.dylib
0x00000001b8487000 	/System/Library/PrivateFrameworks/MobileSystemServices.framework/Versions/A/MobileSystemServices
0x00000001d64e9000 	/System/Library/PrivateFrameworks/ConfigProfileHelper.framework/Versions/A/ConfigProfileHelper
0x000000018f1d4000 	/System/Library/PrivateFrameworks/AppleSauce.framework/Versions/A/AppleSauce
0x0000000184213000 	/System/Library/PrivateFrameworks/LanguageModeling.framework/Versions/A/LanguageModeling
0x000000019057c000 	/usr/lib/libxslt.1.dylib
0x000000018f0c0000 	/usr/lib/libcmph.dylib
0x000000018e1c1000 	/System/Library/PrivateFrameworks/CoreEmoji.framework/Versions/A/CoreEmoji
0x000000018d7f6000 	/System/Library/PrivateFrameworks/LinguisticData.framework/Versions/A/LinguisticData
0x00000001830dc000 	/System/Library/PrivateFrameworks/Lexicon.framework/Versions/A/Lexicon
0x000000018e4b5000 	/System/Library/PrivateFrameworks/BackgroundTaskManagement.framework/Versions/A/BackgroundTaskManagement
0x0000000249118000 	/usr/lib/libTLE.dylib
0x0000000190e48000 	/System/Library/PrivateFrameworks/AppleJPEG.framework/Versions/A/AppleJPEG
0x000000019093c000 	/usr/lib/libexpat.1.dylib
0x0000000191470000 	/System/Library/Frameworks/ImageIO.framework/Versions/A/Resources/libPng.dylib
0x000000019149b000 	/System/Library/Frameworks/ImageIO.framework/Versions/A/Resources/libTIFF.dylib
0x0000000191586000 	/System/Library/Frameworks/ImageIO.framework/Versions/A/Resources/libGIF.dylib
0x0000000190e8e000 	/System/Library/Frameworks/ImageIO.framework/Versions/A/Resources/libJP2.dylib
0x000000019152b000 	/System/Library/Frameworks/ImageIO.framework/Versions/A/Resources/libJPEG.dylib
0x0000000191522000 	/System/Library/Frameworks/ImageIO.framework/Versions/A/Resources/libRadiance.dylib
0x000000018cae8000 	/System/Library/PrivateFrameworks/FontServices.framework/libFontParser.dylib
0x000000018948a000 	/System/Library/PrivateFrameworks/RunningBoardServices.framework/Versions/A/RunningBoardServices
0x000000019d035000 	/System/Library/PrivateFrameworks/IOSurfaceAccelerator.framework/Versions/A/IOSurfaceAccelerator
0x0000000190f7e000 	/System/Library/PrivateFrameworks/WatchdogClient.framework/Versions/A/WatchdogClient
0x00000001843f9000 	/System/Library/Frameworks/CoreDisplay.framework/Versions/A/CoreDisplay
0x000000018c99f000 	/System/Library/Frameworks/CoreMedia.framework/Versions/A/CoreMedia
0x000000018c73f000 	/System/Library/PrivateFrameworks/IOAccelerator.framework/Versions/A/IOAccelerator
0x000000018aedb000 	/System/Library/Frameworks/CoreVideo.framework/Versions/A/CoreVideo
0x000000018f229000 	/System/Library/Frameworks/MetalPerformanceShaders.framework/Versions/A/MetalPerformanceShaders
0x0000000190fc1000 	/System/Library/Frameworks/VideoToolbox.framework/Versions/A/VideoToolbox
0x000000018af77000 	/System/Library/PrivateFrameworks/UserManagement.framework/Versions/A/UserManagement
0x00000001893b1000 	/System/Library/PrivateFrameworks/BaseBoard.framework/Versions/A/BaseBoard
0x000000018d6cb000 	/System/Library/PrivateFrameworks/AggregateDictionary.framework/Versions/A/AggregateDictionary
0x000000021b21a000 	/System/Library/PrivateFrameworks/AppleKeyStore.framework/Versions/A/AppleKeyStore
0x000000019151d000 	/System/Library/PrivateFrameworks/GPUWrangler.framework/Versions/A/GPUWrangler
0x00000001914fd000 	/System/Library/PrivateFrameworks/IOPresentment.framework/Versions/A/IOPresentment
0x0000000191525000 	/System/Library/PrivateFrameworks/DSExternalDisplay.framework/Versions/A/DSExternalDisplay
0x0000000227e2a000 	/System/Library/PrivateFrameworks/GPUCompiler.framework/Versions/32023/Libraries/libllvm-flatbuffers.dylib
0x00000001d90d2000 	/System/Library/Frameworks/OpenGL.framework/Versions/A/Libraries/libCoreFSCache.dylib
0x0000000224a8e000 	/System/Library/PrivateFrameworks/GPUCompiler.framework/Versions/32023/Libraries/libGPUCompilerUtils.dylib
0x000000019158c000 	/System/Library/PrivateFrameworks/CMCaptureCore.framework/Versions/A/CMCaptureCore
0x00000001ddf26000 	/System/Library/Frameworks/ExtensionFoundation.framework/Versions/A/ExtensionFoundation
0x00000001985e3000 	/System/Library/PrivateFrameworks/CoreTime.framework/Versions/A/CoreTime
0x0000000190b10000 	/System/Library/PrivateFrameworks/AppServerSupport.framework/Versions/A/AppServerSupport
0x00000001930a4000 	/System/Library/PrivateFrameworks/perfdata.framework/Versions/A/perfdata
0x000000018451d000 	/System/Library/PrivateFrameworks/AudioToolboxCore.framework/Versions/A/AudioToolboxCore
0x000000018c975000 	/System/Library/PrivateFrameworks/caulk.framework/Versions/A/caulk
0x0000000192912000 	/usr/lib/libAudioStatistics.dylib
0x00000001a70ce000 	/System/Library/PrivateFrameworks/SystemPolicy.framework/Versions/A/SystemPolicy
0x0000000192beb000 	/usr/lib/libSMC.dylib
0x000000019c5dd000 	/System/Library/Frameworks/CoreMIDI.framework/Versions/A/CoreMIDI
0x0000000191437000 	/usr/lib/libAudioToolboxUtility.dylib
0x00000001a24cf000 	/System/Library/PrivateFrameworks/OSAServicesClient.framework/Versions/A/OSAServicesClient
0x00000001930b2000 	/usr/lib/libperfcheck.dylib
0x000000019809a000 	/System/Library/PrivateFrameworks/BoardServices.framework/Versions/A/BoardServices
0x0000000190824000 	/System/Library/PrivateFrameworks/PlugInKit.framework/Versions/A/PlugInKit
0x000000018e419000 	/System/Library/PrivateFrameworks/AssertionServices.framework/Versions/A/AssertionServices
0x000000019b6ee000 	/System/Library/PrivateFrameworks/ASEProcessing.framework/Versions/A/ASEProcessing
0x00000001c43b8000 	/System/Library/PrivateFrameworks/Symbolication.framework/Versions/A/Symbolication
0x00000002333d0000 	/System/Library/PrivateFrameworks/PhotosensitivityProcessing.framework/Versions/A/PhotosensitivityProcessing
0x0000000190ac1000 	/System/Library/PrivateFrameworks/GraphVisualizer.framework/Versions/A/GraphVisualizer
0x00000001d9134000 	/System/Library/Frameworks/OpenGL.framework/Versions/A/Libraries/libGLU.dylib
0x00000001d90f3000 	/System/Library/Frameworks/OpenGL.framework/Versions/A/Libraries/libGFXShared.dylib
0x00000001d92cc000 	/System/Library/Frameworks/OpenGL.framework/Versions/A/Libraries/libGL.dylib
0x00000001d90fc000 	/System/Library/Frameworks/OpenGL.framework/Versions/A/Libraries/libGLImage.dylib
0x00000001d90f0000 	/System/Library/Frameworks/OpenGL.framework/Versions/A/Libraries/libCVMSPluginSupport.dylib
0x00000002490d0000 	/usr/lib/libRosetta.dylib
0x00000001d90d9000 	/System/Library/Frameworks/OpenGL.framework/Versions/A/Libraries/libCoreVMClient.dylib
0x0000000222c94000 	/System/Library/PrivateFrameworks/FontServices.framework/Versions/A/FontServices
0x0000000190acd000 	/System/Library/PrivateFrameworks/OTSVG.framework/Versions/A/OTSVG
0x000000018aa7c000 	/System/Library/Frameworks/ApplicationServices.framework/Versions/A/Frameworks/ATS.framework/Versions/A/Resources/libFontRegistry.dylib
0x0000000190b1b000 	/System/Library/PrivateFrameworks/FontServices.framework/libhvf.dylib
0x0000000222c95000 	/System/Library/PrivateFrameworks/FontServices.framework/libXTFontStaticRegistryData.dylib
0x000000018d612000 	/System/Library/Frameworks/MetalPerformanceShaders.framework/Versions/A/Frameworks/MPSCore.framework/Versions/A/MPSCore
0x000000018eb3c000 	/System/Library/Frameworks/MetalPerformanceShaders.framework/Versions/A/Frameworks/MPSImage.framework/Versions/A/MPSImage
0x000000018e595000 	/System/Library/Frameworks/MetalPerformanceShaders.framework/Versions/A/Frameworks/MPSNeuralNetwork.framework/Versions/A/MPSNeuralNetwork
0x000000018e9e0000 	/System/Library/Frameworks/MetalPerformanceShaders.framework/Versions/A/Frameworks/MPSMatrix.framework/Versions/A/MPSMatrix
0x000000018e7eb000 	/System/Library/Frameworks/MetalPerformanceShaders.framework/Versions/A/Frameworks/MPSRayIntersector.framework/Versions/A/MPSRayIntersector
0x000000018ea12000 	/System/Library/Frameworks/MetalPerformanceShaders.framework/Versions/A/Frameworks/MPSNDArray.framework/Versions/A/MPSNDArray
0x00000001df800000 	/System/Library/Frameworks/MetalPerformanceShaders.framework/Versions/A/Frameworks/MPSFunctions.framework/Versions/A/MPSFunctions
0x00000001df7e5000 	/System/Library/Frameworks/MetalPerformanceShaders.framework/Versions/A/Frameworks/MPSBenchmarkLoop.framework/Versions/A/MPSBenchmarkLoop
0x0000000182bf4000 	/System/Library/PrivateFrameworks/MetalTools.framework/Versions/A/MetalTools
0x00000001ac277000 	/System/Library/PrivateFrameworks/IOAccelMemoryInfo.framework/Versions/A/IOAccelMemoryInfo
0x00000001b8380000 	/System/Library/PrivateFrameworks/kperf.framework/Versions/A/kperf
0x00000001a7dba000 	/System/Library/PrivateFrameworks/GPURawCounter.framework/Versions/A/GPURawCounter
0x00000001984b5000 	/System/Library/PrivateFrameworks/CoreSymbolication.framework/Versions/A/CoreSymbolication
0x00000001a7d66000 	/System/Library/PrivateFrameworks/MallocStackLogging.framework/Versions/A/MallocStackLogging
0x00000001906c6000 	/System/Library/PrivateFrameworks/CrashReporterSupport.framework/Versions/A/CrashReporterSupport
0x0000000198470000 	/System/Library/PrivateFrameworks/DebugSymbols.framework/Versions/A/DebugSymbols
0x00000001b6ce7000 	/System/Library/PrivateFrameworks/OSAnalytics.framework/Versions/A/OSAnalytics
0x00000002402c9000 	/System/Library/PrivateFrameworks/VideoToolboxParavirtualizationSupport.framework/Versions/A/VideoToolboxParavirtualizationSupport
0x00000001908f0000 	/System/Library/PrivateFrameworks/AppleVA.framework/Versions/A/AppleVA
0x000000019295a000 	/System/Library/Frameworks/ApplicationServices.framework/Versions/A/Frameworks/ATS.framework/Versions/A/ATS
0x00000001888e9000 	/System/Library/Frameworks/ApplicationServices.framework/Versions/A/Frameworks/HIServices.framework/Versions/A/HIServices
0x000000019159a000 	/System/Library/Frameworks/ApplicationServices.framework/Versions/A/Frameworks/PrintCore.framework/Versions/A/PrintCore
0x0000000192d44000 	/System/Library/Frameworks/ApplicationServices.framework/Versions/A/Frameworks/QD.framework/Versions/A/QD
0x0000000192d38000 	/System/Library/Frameworks/ApplicationServices.framework/Versions/A/Frameworks/ColorSyncLegacy.framework/Versions/A/ColorSyncLegacy
0x000000019292a000 	/System/Library/Frameworks/ApplicationServices.framework/Versions/A/Frameworks/SpeechSynthesis.framework/Versions/A/SpeechSynthesis
0x0000000191556000 	/System/Library/Frameworks/ApplicationServices.framework/Versions/A/Frameworks/ATSUI.framework/Versions/A/ATSUI
0x0000000192ccb000 	/usr/lib/libcups.2.dylib
0x00000001930c0000 	/System/Library/Frameworks/Kerberos.framework/Versions/A/Kerberos
0x00000001930d1000 	/System/Library/Frameworks/GSS.framework/Versions/A/GSS
0x00000001929d9000 	/usr/lib/libresolv.9.dylib
0x0000000190b2c000 	/System/Library/PrivateFrameworks/Heimdal.framework/Versions/A/Heimdal
0x000000019a55c000 	/System/Library/Frameworks/Kerberos.framework/Versions/A/Libraries/libHeimdalProxy.dylib
0x000000019312b000 	/System/Library/PrivateFrameworks/CommonAuth.framework/Versions/A/CommonAuth
0x00000001dcd0c000 	/System/Library/Frameworks/AVFAudio.framework/Versions/A/AVFAudio
0x00000001a251e000 	/System/Library/PrivateFrameworks/AXCoreUtilities.framework/Versions/A/AXCoreUtilities
0x000000022d314000 	/System/Library/PrivateFrameworks/IsolatedCoreAudioClient.framework/Versions/A/IsolatedCoreAudioClient
0x0000000192896000 	/System/Library/PrivateFrameworks/AudioSession.framework/Versions/A/AudioSession
0x00000001943a7000 	/System/Library/Frameworks/IOBluetooth.framework/Versions/A/IOBluetooth
0x00000001909fb000 	/System/Library/PrivateFrameworks/MediaExperience.framework/Versions/A/MediaExperience
0x00000001926d5000 	/System/Library/PrivateFrameworks/AudioSession.framework/libSessionUtility.dylib
0x0000000192d50000 	/System/Library/PrivateFrameworks/AudioResourceArbitration.framework/Versions/A/AudioResourceArbitration
0x0000000197428000 	/System/Library/PrivateFrameworks/PowerLog.framework/Versions/A/PowerLog
0x0000000197346000 	/System/Library/Frameworks/CoreBluetooth.framework/Versions/A/CoreBluetooth
0x000000019a55d000 	/System/Library/Frameworks/AudioUnit.framework/Versions/A/AudioUnit
0x000000018e282000 	/System/Library/PrivateFrameworks/CoreUtils.framework/Versions/A/CoreUtils
0x0000000220edf000 	/System/Library/PrivateFrameworks/CoreUtilsExtras.framework/Versions/A/CoreUtilsExtras
0x000000022bc2a000 	/System/Library/PrivateFrameworks/IO80211.framework/Versions/A/IO80211
0x0000000197fde000 	/System/Library/PrivateFrameworks/FrontBoardServices.framework/Versions/A/FrontBoardServices
0x0000000199b25000 	/System/Library/PrivateFrameworks/BackBoardServices.framework/Versions/A/BackBoardServices
0x0000000190962000 	/System/Library/PrivateFrameworks/IconFoundation.framework/Versions/A/IconFoundation
0x0000000196321000 	/System/Library/PrivateFrameworks/SpeechRecognitionCore.framework/Versions/A/SpeechRecognitionCore
0x00000001a253d000 	/usr/lib/libAccessibility.dylib
0x0000000196a1b000 	/System/Library/Frameworks/MediaAccessibility.framework/Versions/A/MediaAccessibility
0x00000001c7a6c000 	/System/Library/Frameworks/OSLog.framework/Versions/A/OSLog
0x00000001a7cf4000 	/System/Library/PrivateFrameworks/LoggingSupport.framework/Versions/A/LoggingSupport
0x0000000101870000 	/Library/Java/JavaVirtualMachines/temurin-17.jdk/Contents/Home/lib/server/libjvm.dylib
0x0000000100370000 	/Library/Java/JavaVirtualMachines/temurin-17.jdk/Contents/Home/lib/libjimage.dylib
0x00000001003cc000 	/Library/Java/JavaVirtualMachines/temurin-17.jdk/Contents/Home/lib/libjdwp.dylib
0x0000000100414000 	/Library/Java/JavaVirtualMachines/temurin-17.jdk/Contents/Home/lib/libjava.dylib
0x000000010039c000 	/Library/Java/JavaVirtualMachines/temurin-17.jdk/Contents/Home/lib/libinstrument.dylib
0x0000000248dbb000 	/usr/lib/i18n/libiconv_std.dylib
0x0000000248da3000 	/usr/lib/i18n/libUTF8.dylib
0x0000000248dbf000 	/usr/lib/i18n/libmapper_646.dylib
0x0000000100688000 	/Library/Java/JavaVirtualMachines/temurin-17.jdk/Contents/Home/lib/libdt_socket.dylib
0x000000010069c000 	/Library/Java/JavaVirtualMachines/temurin-17.jdk/Contents/Home/lib/libzip.dylib
0x00000001006d4000 	/Library/Java/JavaVirtualMachines/temurin-17.jdk/Contents/Home/lib/libnio.dylib
0x0000000100718000 	/Library/Java/JavaVirtualMachines/temurin-17.jdk/Contents/Home/lib/libnet.dylib
0x00000001006f4000 	/Library/Java/JavaVirtualMachines/temurin-17.jdk/Contents/Home/lib/libverify.dylib
0x00000001006b4000 	/Library/Java/JavaVirtualMachines/temurin-17.jdk/Contents/Home/lib/libmanagement.dylib
0x000000010073c000 	/Library/Java/JavaVirtualMachines/temurin-17.jdk/Contents/Home/lib/libmanagement_ext.dylib
0x0000000112b04000 	/Library/Java/JavaVirtualMachines/temurin-17.jdk/Contents/Home/lib/libextnet.dylib
0x000000019206a000 	/usr/lib/libusrtcp.dylib
0x000000018764f000 	/usr/lib/libboringssl.dylib


VM Arguments:
jvm_args: -XX:+ShowCodeDetailsInExceptionMessages -agentlib:jdwp=transport=dt_socket,suspend=y,address=localhost:55711 -javaagent:/Applications/Eclipse_2024-03.app/Contents/Eclipse/configuration/org.eclipse.osgi/244/0/.cp/lib/javaagent-shaded.jar -Dfile.encoding=UTF-8 -Dstdout.encoding=UTF-8 -Dstderr.encoding=UTF-8 
java_command: com.example.scraper.NPBWebScraperApplication
java_class_path (initial): /Users/anzaijunpei/src/workspace/baseball/bin/main:/Users/anzaijunpei/.gradle/caches/modules-2/files-2.1/org.projectlombok/lombok/1.18.32/17d46b3e205515e1e8efd3ee4d57ce8018914163/lombok-1.18.32.jar:/Users/anzaijunpei/.gradle/caches/modules-2/files-2.1/org.springframework.boot/spring-boot-starter-data-jdbc/3.2.5/4cd60510380b61b6e6e70429452c5fe7bda35fbe/spring-boot-starter-data-jdbc-3.2.5.jar:/Users/anzaijunpei/.gradle/caches/modules-2/files-2.1/org.springframework.boot/spring-boot-starter-thymeleaf/3.2.5/293a7cb658eba8e0b25cec63609edbebbaa6c4a8/spring-boot-starter-thymeleaf-3.2.5.jar:/Users/anzaijunpei/.gradle/caches/modules-2/files-2.1/org.springframework.boot/spring-boot-starter-validation/3.2.5/3757dceb20eca3880ee1fb5f07159e42c7f7405/spring-boot-starter-validation-3.2.5.jar:/Users/anzaijunpei/.gradle/caches/modules-2/files-2.1/org.springframework.boot/spring-boot-starter-web/3.2.5/664d75553c6af42122d4db645f4924a95084e382/spring-boot-starter-web-3.2.5.jar:/Users/anzaijunpei/.gradle/caches/modules-2/files-2.1/org.mybatis.spring.boot/mybatis-spring-boot-starter/2.1.4/1ad97a0fb96ec3630e598e5aaae2dbd2fd29fdb0/mybatis-spring-boot-starter-2.1.4.jar:/Users/anzaijunpei/.gradle/caches/modules-2/files-2.1/org.springframework.boot/spring-boot-starter-data-jpa/3.2.5/99c1272c135f1c44b0c94ed0b65dca9b201323b7/spring-boot-starter-data-jpa-3.2.5.jar:/Users/anzaijunpei/.gradle/caches/modules-2/files-2.1/org.jsoup/jsoup/1.13.1/f9577f3732bb7caa4fee8aba5053158f4010c118/jsoup-1.13.1.jar:/Users/anzaijunpei/.gradle/caches/modules-2/files-2.1/org.springframework.boot/spring-boot-starter-jdbc/3.2.5/2fc156645b02bef43dcd4e697ae6f4ba9388a978/spring-boot-starter-jdbc-3.2.5.jar:/Users/anzaijunpei/.gradle/caches/modules-2/files-2.1/org.springframework.data/spring-data-jdbc/3.2.5/753bede993296986944af4f8906369d80c6d1985/spring-data-jdbc-3.2.5.jar:/Users/anzaijunpei/.gradle/caches/modules-2/files-2.1/org.springframework.boot/spring-boot-starter-json/3.2.5/6df311af4c242e
Launcher Type: SUN_STANDARD

[Global flags]
     intx CICompilerCount                          = 4                                         {product} {ergonomic}
     uint ConcGCThreads                            = 2                                         {product} {ergonomic}
     uint G1ConcRefinementThreads                  = 8                                         {product} {ergonomic}
   size_t G1HeapRegionSize                         = 2097152                                   {product} {ergonomic}
    uintx GCDrainStackTargetSize                   = 64                                        {product} {ergonomic}
   size_t InitialHeapSize                          = 268435456                                 {product} {ergonomic}
   size_t MarkStackSize                            = 4194304                                   {product} {ergonomic}
   size_t MaxHeapSize                              = 4294967296                                {product} {ergonomic}
   size_t MaxNewSize                               = 2575302656                                {product} {ergonomic}
   size_t MinHeapDeltaBytes                        = 2097152                                   {product} {ergonomic}
   size_t MinHeapSize                              = 8388608                                   {product} {ergonomic}
    uintx NonNMethodCodeHeapSize                   = 5839564                                {pd product} {ergonomic}
    uintx NonProfiledCodeHeapSize                  = 122909338                              {pd product} {ergonomic}
    uintx ProfiledCodeHeapSize                     = 122909338                              {pd product} {ergonomic}
    uintx ReservedCodeCacheSize                    = 251658240                              {pd product} {ergonomic}
     bool SegmentedCodeCache                       = true                                      {product} {ergonomic}
     bool ShowCodeDetailsInExceptionMessages       = true                                   {manageable} {command line}
   size_t SoftMaxHeapSize                          = 4294967296                             {manageable} {ergonomic}
     bool UseCompressedClassPointers               = true                           {product lp64_product} {ergonomic}
     bool UseCompressedOops                        = true                           {product lp64_product} {ergonomic}
     bool UseG1GC                                  = true                                      {product} {ergonomic}
     bool UseNUMA                                  = false                                     {product} {ergonomic}
     bool UseNUMAInterleaving                      = false                                     {product} {ergonomic}

Logging:
Log output configuration:
 #0: stdout all=warning uptime,level,tags
 #1: stderr all=off uptime,level,tags

Environment Variables:
PATH=/usr/bin:/bin:/usr/sbin:/sbin
SHELL=/bin/zsh
TMPDIR=/var/folders/8s/xc77b3q905x915jx8j1_2pjm0000gn/T/

Signal Handlers:
   SIGSEGV: crash_handler in libjvm.dylib, mask=11100110000111110111111111111111, flags=SA_RESTART|SA_SIGINFO
    SIGBUS: crash_handler in libjvm.dylib, mask=11100110000111110111111111111111, flags=SA_RESTART|SA_SIGINFO
    SIGFPE: crash_handler in libjvm.dylib, mask=11100110000111110111111111111111, flags=SA_RESTART|SA_SIGINFO
   SIGPIPE: javaSignalHandler in libjvm.dylib, mask=11100110000111110111111111111111, flags=SA_RESTART|SA_SIGINFO
   SIGXFSZ: javaSignalHandler in libjvm.dylib, mask=11100110000111110111111111111111, flags=SA_RESTART|SA_SIGINFO
    SIGILL: crash_handler in libjvm.dylib, mask=11100110000111110111111111111111, flags=SA_RESTART|SA_SIGINFO
   SIGUSR2: SR_handler in libjvm.dylib, mask=00000000000000000000000000000000, flags=SA_RESTART|SA_SIGINFO
    SIGHUP: UserHandler in libjvm.dylib, mask=11100110000111110111111111111111, flags=SA_RESTART|SA_SIGINFO
    SIGINT: UserHandler in libjvm.dylib, mask=11100110000111110111111111111111, flags=SA_RESTART|SA_SIGINFO
   SIGTERM: UserHandler in libjvm.dylib, mask=11100110000111110111111111111111, flags=SA_RESTART|SA_SIGINFO
   SIGQUIT: UserHandler in libjvm.dylib, mask=11100110000111110111111111111111, flags=SA_RESTART|SA_SIGINFO
  *** Handler was modified!
  *** Expected: javaSignalHandler in libjvm.dylib, mask=11100110100111111111111111111111, flags=SA_RESTART|SA_SIGINFO
   SIGTRAP: crash_handler in libjvm.dylib, mask=11100110000111110111111111111111, flags=SA_RESTART|SA_SIGINFO


---------------  S Y S T E M  ---------------

OS:
uname: Darwin 23.5.0 Darwin Kernel Version 23.5.0: Wed May  1 20:12:58 PDT 2024; root:xnu-10063.121.3~5/RELEASE_ARM64_T6000 arm64
OS uptime: 76 days 19:55 hours
rlimit (soft/hard): STACK 8176k/65520k , CORE 0k/infinity , NPROC 2666/4000 , NOFILE 10240/infinity , AS infinity/infinity , CPU infinity/infinity , DATA infinity/infinity , FSIZE infinity/infinity , MEMLOCK infinity/infinity , RSS infinity/infinity
load average: 2.79 2.91 3.28

CPU: total 8 (initial active 8) 0x61:0x0:0x1b588bb3:0, fp, simd, crc, lse

Memory: 16k page, physical 16777216k(61680k free), swap 3145728k(1545856k free)

vm_info: OpenJDK 64-Bit Server VM (17.0.4.1+1) for bsd-aarch64 JRE (17.0.4.1+1), built on Aug 17 2022 13:50:23 by "temurin" with clang Apple LLVM 12.0.0 (clang-1200.0.32.29)

END.
